2020-04-02 16:54:07,387 INFO  main
				com.employeemngt.controller.DepartmentController: update employee by ID : null
2020-04-02 16:54:08,127 INFO  main
				com.employeemngt.controller.DepartmentController: adding employee data
2020-04-02 16:54:08,306 INFO  main
				com.employeemngt.controller.EmployeeController: update employee by ID : 12
2020-04-02 16:54:08,344 INFO  main
				com.employeemngt.controller.EmployeeController: adding employee data
2020-04-02 16:54:09,509 INFO  main
				org.springframework.boot.StartupInfoLogger: Starting IntegrationTest on BDC7C-L-44ZY5Q2 with PID 5680 (started by s.venkata.gangala in C:\le_workspace\Git\employee-management)
2020-04-02 16:54:09,510 DEBUG main
				org.springframework.boot.StartupInfoLogger: Running with Spring Boot v1.5.3.RELEASE, Spring v4.3.8.RELEASE
2020-04-02 16:54:09,511 INFO  main
				org.springframework.boot.SpringApplication: The following profiles are active: Local
2020-04-02 16:54:18,249 DEBUG localhost-startStop-1
				org.springframework.web.filter.GenericFilterBean: Initializing filter 'jwtRequestFilter'
2020-04-02 16:54:18,250 DEBUG localhost-startStop-1
				org.springframework.web.filter.GenericFilterBean: Filter 'jwtRequestFilter' configured successfully
2020-04-02 16:54:22,079 INFO  main
				com.mongodb.diagnostics.logging.SLF4JLogger: Cluster created with settings {hosts=[localhost:27017], mode=SINGLE, requiredClusterType=UNKNOWN, serverSelectionTimeout='30000 ms', maxWaitQueueSize=500}
2020-04-02 16:54:24,271 INFO  cluster-ClusterId{value='5e85cb66ad46761630f7f5dc', description='null'}-localhost:27017
				com.mongodb.diagnostics.logging.SLF4JLogger: Exception in monitor thread while connecting to server localhost:27017
com.mongodb.MongoSocketOpenException: Exception opening socket
	at com.mongodb.connection.SocketStream.open(SocketStream.java:63)
	at com.mongodb.connection.InternalStreamConnection.open(InternalStreamConnection.java:115)
	at com.mongodb.connection.DefaultServerMonitor$ServerMonitorRunnable.run(DefaultServerMonitor.java:113)
	at java.lang.Thread.run(Thread.java:748)
Caused by: java.net.ConnectException: Connection refused: connect
	at java.net.DualStackPlainSocketImpl.waitForConnect(Native Method)
	at java.net.DualStackPlainSocketImpl.socketConnect(DualStackPlainSocketImpl.java:85)
	at java.net.AbstractPlainSocketImpl.doConnect(AbstractPlainSocketImpl.java:350)
	at java.net.AbstractPlainSocketImpl.connectToAddress(AbstractPlainSocketImpl.java:206)
	at java.net.AbstractPlainSocketImpl.connect(AbstractPlainSocketImpl.java:188)
	at java.net.PlainSocketImpl.connect(PlainSocketImpl.java:172)
	at java.net.SocksSocketImpl.connect(SocksSocketImpl.java:392)
	at java.net.Socket.connect(Socket.java:589)
	at com.mongodb.connection.SocketStreamHelper.initialize(SocketStreamHelper.java:57)
	at com.mongodb.connection.SocketStream.open(SocketStream.java:58)
	... 3 common frames omitted
2020-04-02 16:54:31,730 INFO  main
				de.flapdoodle.embed.process.runtime.Executable: start de.flapdoodle.embed.mongo.config.MongodConfigBuilder$ImmutableMongodConfig@45ce359d
2020-04-02 16:54:34,701 INFO  cluster-ClusterId{value='5e85cb66ad46761630f7f5dc', description='null'}-localhost:27017
				com.mongodb.diagnostics.logging.SLF4JLogger: Opened connection [connectionId{localValue:2, serverValue:1}] to localhost:27017
2020-04-02 16:54:34,707 INFO  cluster-ClusterId{value='5e85cb66ad46761630f7f5dc', description='null'}-localhost:27017
				com.mongodb.diagnostics.logging.SLF4JLogger: Monitor thread successfully connected to server with description ServerDescription{address=localhost:27017, type=STANDALONE, state=CONNECTED, ok=true, version=ServerVersion{versionList=[3, 2, 2]}, minWireVersion=0, maxWireVersion=4, maxDocumentSize=16777216, roundTripTimeNanos=1565400}
2020-04-02 16:54:34,742 INFO  main
				org.springframework.boot.StartupInfoLogger: Started IntegrationTest in 26.141 seconds (JVM running for 32.754)
2020-04-02 16:54:35,533 INFO  http-nio-auto-1-exec-1
				com.employeemngt.jwt.JwtRequestFilter: Auth Flag %S
2020-04-02 16:54:35,744 INFO  http-nio-auto-1-exec-1
				com.employeemngt.controller.EmployeeController: adding employee data
2020-04-02 16:54:35,957 INFO  http-nio-auto-1-exec-1
				com.mongodb.diagnostics.logging.SLF4JLogger: Opened connection [connectionId{localValue:3, serverValue:2}] to localhost:27017
2020-04-02 16:54:36,058 ERROR http-nio-auto-1-exec-1
				org.apache.juli.logging.DirectJDKLog: Servlet.service() for servlet [dispatcherServlet] in context with path [] threw exception [Request processing failed; nested exception is com.employeemngt.exception.SequenceException] with root cause
com.employeemngt.exception.SequenceException: null
	at com.employeemngt.repository.EmployeeIdSequenceRepositoryImpl.getNextSequenceId(EmployeeIdSequenceRepositoryImpl.java:40)
	at com.employeemngt.repository.EmployeeIdSequenceRepositoryImpl$$FastClassBySpringCGLIB$$4d957f93.invoke(<generated>)
	at org.springframework.cglib.proxy.MethodProxy.invoke(MethodProxy.java:204)
	at org.springframework.aop.framework.CglibAopProxy$CglibMethodInvocation.invokeJoinpoint(CglibAopProxy.java:738)
	at org.springframework.aop.framework.ReflectiveMethodInvocation.proceed(ReflectiveMethodInvocation.java:157)
	at org.springframework.dao.support.PersistenceExceptionTranslationInterceptor.invoke(PersistenceExceptionTranslationInterceptor.java:136)
	at org.springframework.aop.framework.ReflectiveMethodInvocation.proceed(ReflectiveMethodInvocation.java:179)
	at org.springframework.aop.framework.CglibAopProxy$DynamicAdvisedInterceptor.intercept(CglibAopProxy.java:673)
	at com.employeemngt.repository.EmployeeIdSequenceRepositoryImpl$$EnhancerBySpringCGLIB$$a4be71ed.getNextSequenceId(<generated>)
	at com.employeemngt.service.impl.EmployeeServiceImpl.addEmployee(EmployeeServiceImpl.java:63)
	at com.employeemngt.controller.EmployeeController.create(EmployeeController.java:44)
	at sun.reflect.NativeMethodAccessorImpl.invoke0(Native Method)
	at sun.reflect.NativeMethodAccessorImpl.invoke(NativeMethodAccessorImpl.java:62)
	at sun.reflect.DelegatingMethodAccessorImpl.invoke(DelegatingMethodAccessorImpl.java:43)
	at java.lang.reflect.Method.invoke(Method.java:498)
	at org.springframework.web.method.support.InvocableHandlerMethod.doInvoke(InvocableHandlerMethod.java:205)
	at org.springframework.web.method.support.InvocableHandlerMethod.invokeForRequest(InvocableHandlerMethod.java:133)
	at org.springframework.web.servlet.mvc.method.annotation.ServletInvocableHandlerMethod.invokeAndHandle(ServletInvocableHandlerMethod.java:97)
	at org.springframework.web.servlet.mvc.method.annotation.RequestMappingHandlerAdapter.invokeHandlerMethod(RequestMappingHandlerAdapter.java:827)
	at org.springframework.web.servlet.mvc.method.annotation.RequestMappingHandlerAdapter.handleInternal(RequestMappingHandlerAdapter.java:738)
	at org.springframework.web.servlet.mvc.method.AbstractHandlerMethodAdapter.handle(AbstractHandlerMethodAdapter.java:85)
	at org.springframework.web.servlet.DispatcherServlet.doDispatch(DispatcherServlet.java:963)
	at org.springframework.web.servlet.DispatcherServlet.doService(DispatcherServlet.java:897)
	at org.springframework.web.servlet.FrameworkServlet.processRequest(FrameworkServlet.java:970)
	at org.springframework.web.servlet.FrameworkServlet.doPost(FrameworkServlet.java:872)
	at javax.servlet.http.HttpServlet.service(HttpServlet.java:661)
	at org.springframework.web.servlet.FrameworkServlet.service(FrameworkServlet.java:846)
	at javax.servlet.http.HttpServlet.service(HttpServlet.java:742)
	at org.apache.catalina.core.ApplicationFilterChain.internalDoFilter(ApplicationFilterChain.java:231)
	at org.apache.catalina.core.ApplicationFilterChain.doFilter(ApplicationFilterChain.java:166)
	at org.apache.tomcat.websocket.server.WsFilter.doFilter(WsFilter.java:52)
	at org.apache.catalina.core.ApplicationFilterChain.internalDoFilter(ApplicationFilterChain.java:193)
	at org.apache.catalina.core.ApplicationFilterChain.doFilter(ApplicationFilterChain.java:166)
	at com.employeemngt.jwt.JwtRequestFilter.doFilterInternal(JwtRequestFilter.java:78)
	at org.springframework.web.filter.OncePerRequestFilter.doFilter(OncePerRequestFilter.java:107)
	at org.apache.catalina.core.ApplicationFilterChain.internalDoFilter(ApplicationFilterChain.java:193)
	at org.apache.catalina.core.ApplicationFilterChain.doFilter(ApplicationFilterChain.java:166)
	at org.springframework.web.filter.CorsFilter.doFilterInternal(CorsFilter.java:96)
	at org.springframework.web.filter.OncePerRequestFilter.doFilter(OncePerRequestFilter.java:107)
	at org.apache.catalina.core.ApplicationFilterChain.internalDoFilter(ApplicationFilterChain.java:193)
	at org.apache.catalina.core.ApplicationFilterChain.doFilter(ApplicationFilterChain.java:166)
	at org.springframework.security.web.FilterChainProxy.doFilterInternal(FilterChainProxy.java:208)
	at org.springframework.security.web.FilterChainProxy.doFilter(FilterChainProxy.java:177)
	at org.springframework.web.filter.DelegatingFilterProxy.invokeDelegate(DelegatingFilterProxy.java:346)
	at org.springframework.web.filter.DelegatingFilterProxy.doFilter(DelegatingFilterProxy.java:262)
	at org.apache.catalina.core.ApplicationFilterChain.internalDoFilter(ApplicationFilterChain.java:193)
	at org.apache.catalina.core.ApplicationFilterChain.doFilter(ApplicationFilterChain.java:166)
	at org.springframework.web.filter.RequestContextFilter.doFilterInternal(RequestContextFilter.java:99)
	at org.springframework.web.filter.OncePerRequestFilter.doFilter(OncePerRequestFilter.java:107)
	at org.apache.catalina.core.ApplicationFilterChain.internalDoFilter(ApplicationFilterChain.java:193)
	at org.apache.catalina.core.ApplicationFilterChain.doFilter(ApplicationFilterChain.java:166)
	at org.springframework.web.filter.HttpPutFormContentFilter.doFilterInternal(HttpPutFormContentFilter.java:105)
	at org.springframework.web.filter.OncePerRequestFilter.doFilter(OncePerRequestFilter.java:107)
	at org.apache.catalina.core.ApplicationFilterChain.internalDoFilter(ApplicationFilterChain.java:193)
	at org.apache.catalina.core.ApplicationFilterChain.doFilter(ApplicationFilterChain.java:166)
	at org.springframework.web.filter.HiddenHttpMethodFilter.doFilterInternal(HiddenHttpMethodFilter.java:81)
	at org.springframework.web.filter.OncePerRequestFilter.doFilter(OncePerRequestFilter.java:107)
	at org.apache.catalina.core.ApplicationFilterChain.internalDoFilter(ApplicationFilterChain.java:193)
	at org.apache.catalina.core.ApplicationFilterChain.doFilter(ApplicationFilterChain.java:166)
	at org.springframework.web.filter.CharacterEncodingFilter.doFilterInternal(CharacterEncodingFilter.java:197)
	at org.springframework.web.filter.OncePerRequestFilter.doFilter(OncePerRequestFilter.java:107)
	at org.apache.catalina.core.ApplicationFilterChain.internalDoFilter(ApplicationFilterChain.java:193)
	at org.apache.catalina.core.ApplicationFilterChain.doFilter(ApplicationFilterChain.java:166)
	at org.apache.catalina.core.StandardWrapperValve.invoke(StandardWrapperValve.java:198)
	at org.apache.catalina.core.StandardContextValve.invoke(StandardContextValve.java:96)
	at org.apache.catalina.authenticator.AuthenticatorBase.invoke(AuthenticatorBase.java:478)
	at org.apache.catalina.core.StandardHostValve.invoke(StandardHostValve.java:140)
	at org.apache.catalina.valves.ErrorReportValve.invoke(ErrorReportValve.java:80)
	at org.apache.catalina.core.StandardEngineValve.invoke(StandardEngineValve.java:87)
	at org.apache.catalina.connector.CoyoteAdapter.service(CoyoteAdapter.java:342)
	at org.apache.coyote.http11.Http11Processor.service(Http11Processor.java:799)
	at org.apache.coyote.AbstractProcessorLight.process(AbstractProcessorLight.java:66)
	at org.apache.coyote.AbstractProtocol$ConnectionHandler.process(AbstractProtocol.java:861)
	at org.apache.tomcat.util.net.NioEndpoint$SocketProcessor.doRun(NioEndpoint.java:1455)
	at org.apache.tomcat.util.net.SocketProcessorBase.run(SocketProcessorBase.java:49)
	at java.util.concurrent.ThreadPoolExecutor.runWorker(ThreadPoolExecutor.java:1149)
	at java.util.concurrent.ThreadPoolExecutor$Worker.run(ThreadPoolExecutor.java:624)
	at org.apache.tomcat.util.threads.TaskThread$WrappingRunnable.run(TaskThread.java:61)
	at java.lang.Thread.run(Thread.java:748)
2020-04-02 16:54:36,161 INFO  http-nio-auto-1-exec-2
				com.employeemngt.jwt.JwtRequestFilter: Auth Flag %S
2020-04-02 16:54:36,163 INFO  http-nio-auto-1-exec-2
				com.employeemngt.service.impl.EmployeeServiceImpl: Fetching all employee
2020-04-02 16:54:36,346 INFO  main
				com.employeemngt.controller.LeaveController: employee applying leaves 
2020-04-02 16:54:36,357 INFO  main
				com.employeemngt.controller.LeaveController: update leave for employee ID : %S
2020-04-02 16:54:36,365 INFO  main
				com.employeemngt.controller.LeaveController: adding leaves to eployee 
2020-04-02 16:54:36,470 INFO  main
				com.employeemngt.controller.ReportController: downloadReport In Excel
2020-04-02 16:54:36,644 INFO  main
				com.employeemngt.service.impl.DepartmentServiceImpl: Checking Requested Depart is Assigned to any employee
2020-04-02 16:54:36,692 INFO  main
				com.employeemngt.service.impl.DepartmentServiceImpl: Checking Requested Depart is Assigned to any employee
2020-04-02 16:54:36,760 INFO  main
				org.dozer.config.GlobalSettings: Trying to find Dozer configuration file: dozer.properties
2020-04-02 16:54:36,851 WARN  main
				org.dozer.config.GlobalSettings: Dozer configuration file not found: dozer.properties.  Using defaults for all Dozer global properties.
2020-04-02 16:54:36,860 INFO  main
				org.dozer.DozerInitializer: Initializing Dozer. Version: 5.5.0, Thread Name: main
2020-04-02 16:54:36,889 INFO  main
				org.dozer.jmx.JMXPlatformImpl: Dozer JMX MBean [org.dozer.jmx:type=DozerStatisticsController] auto registered with the Platform MBean Server
2020-04-02 16:54:36,907 INFO  main
				org.dozer.jmx.JMXPlatformImpl: Dozer JMX MBean [org.dozer.jmx:type=DozerAdminController] auto registered with the Platform MBean Server
2020-04-02 16:54:36,910 INFO  main
				org.dozer.DozerBeanMapper: Initializing a new instance of dozer bean mapper.
2020-04-02 16:54:37,690 INFO  main
				com.employeemngt.service.impl.EmployeeServiceImpl: moving employee to history
2020-04-02 16:54:37,690 INFO  main
				org.dozer.DozerBeanMapper: Initializing a new instance of dozer bean mapper.
2020-04-02 16:54:37,694 INFO  main
				org.dozer.DozerBeanMapper: Initializing a new instance of dozer bean mapper.
2020-04-02 16:54:37,698 INFO  main
				org.dozer.DozerBeanMapper: Initializing a new instance of dozer bean mapper.
2020-04-02 16:54:37,703 INFO  main
				org.dozer.DozerBeanMapper: Initializing a new instance of dozer bean mapper.
2020-04-02 16:54:37,756 INFO  main
				com.employeemngt.service.impl.EmployeeServiceImpl: adding employee address
2020-04-02 16:54:37,756 INFO  main
				com.employeemngt.service.impl.EmployeeServiceImpl: adding employee department
2020-04-02 16:54:37,757 INFO  main
				com.employeemngt.service.impl.EmployeeServiceImpl: adding employee
2020-04-02 16:54:37,763 INFO  main
				com.employeemngt.service.impl.EmployeeServiceImpl: Fetching all employee
2020-04-02 16:54:37,773 INFO  main
				com.employeemngt.service.impl.EmployeeServiceImpl: adding employee address
2020-04-02 16:54:37,775 INFO  main
				com.employeemngt.service.impl.EmployeeServiceImpl: adding employee department
2020-04-02 16:54:37,800 INFO  main
				com.employeemngt.service.impl.EmployeeServiceImpl: adding employee address
2020-04-02 16:54:37,801 INFO  main
				com.employeemngt.service.impl.EmployeeServiceImpl: adding employee department
2020-04-02 16:54:37,805 INFO  main
				com.employeemngt.service.impl.EmployeeServiceImpl: adding employee
2020-04-02 16:54:37,878 INFO  main
				com.employeemngt.service.impl.LeaveServiceImpl: Applying Leaves..
2020-04-02 17:06:28,909 INFO  main
				com.employeemngt.controller.DepartmentController: update employee by ID : null
2020-04-02 17:06:29,625 INFO  main
				com.employeemngt.controller.DepartmentController: adding employee data
2020-04-02 17:06:29,800 INFO  main
				com.employeemngt.controller.EmployeeController: update employee by ID : 12
2020-04-02 17:06:29,852 INFO  main
				com.employeemngt.controller.EmployeeController: adding employee data
2020-04-02 17:06:30,866 INFO  main
				org.springframework.boot.StartupInfoLogger: Starting IntegrationTest on BDC7C-L-44ZY5Q2 with PID 11760 (started by s.venkata.gangala in C:\le_workspace\Git\employee-management)
2020-04-02 17:06:30,867 DEBUG main
				org.springframework.boot.StartupInfoLogger: Running with Spring Boot v1.5.3.RELEASE, Spring v4.3.8.RELEASE
2020-04-02 17:06:30,867 INFO  main
				org.springframework.boot.SpringApplication: The following profiles are active: Local
2020-04-02 17:06:38,655 DEBUG localhost-startStop-1
				org.springframework.web.filter.GenericFilterBean: Initializing filter 'jwtRequestFilter'
2020-04-02 17:06:38,657 DEBUG localhost-startStop-1
				org.springframework.web.filter.GenericFilterBean: Filter 'jwtRequestFilter' configured successfully
2020-04-02 17:06:42,756 INFO  main
				com.mongodb.diagnostics.logging.SLF4JLogger: Cluster created with settings {hosts=[localhost:27017], mode=SINGLE, requiredClusterType=UNKNOWN, serverSelectionTimeout='30000 ms', maxWaitQueueSize=500}
2020-04-02 17:06:44,913 INFO  cluster-ClusterId{value='5e85ce4aad46762df0de02d8', description='null'}-localhost:27017
				com.mongodb.diagnostics.logging.SLF4JLogger: Exception in monitor thread while connecting to server localhost:27017
com.mongodb.MongoSocketOpenException: Exception opening socket
	at com.mongodb.connection.SocketStream.open(SocketStream.java:63)
	at com.mongodb.connection.InternalStreamConnection.open(InternalStreamConnection.java:115)
	at com.mongodb.connection.DefaultServerMonitor$ServerMonitorRunnable.run(DefaultServerMonitor.java:113)
	at java.lang.Thread.run(Thread.java:748)
Caused by: java.net.ConnectException: Connection refused: connect
	at java.net.DualStackPlainSocketImpl.waitForConnect(Native Method)
	at java.net.DualStackPlainSocketImpl.socketConnect(DualStackPlainSocketImpl.java:85)
	at java.net.AbstractPlainSocketImpl.doConnect(AbstractPlainSocketImpl.java:350)
	at java.net.AbstractPlainSocketImpl.connectToAddress(AbstractPlainSocketImpl.java:206)
	at java.net.AbstractPlainSocketImpl.connect(AbstractPlainSocketImpl.java:188)
	at java.net.PlainSocketImpl.connect(PlainSocketImpl.java:172)
	at java.net.SocksSocketImpl.connect(SocksSocketImpl.java:392)
	at java.net.Socket.connect(Socket.java:589)
	at com.mongodb.connection.SocketStreamHelper.initialize(SocketStreamHelper.java:57)
	at com.mongodb.connection.SocketStream.open(SocketStream.java:58)
	... 3 common frames omitted
2020-04-02 17:06:50,642 INFO  main
				de.flapdoodle.embed.process.runtime.Executable: start de.flapdoodle.embed.mongo.config.MongodConfigBuilder$ImmutableMongodConfig@45ce359d
2020-04-02 17:06:52,938 INFO  main
				org.springframework.boot.StartupInfoLogger: Started IntegrationTest in 22.863 seconds (JVM running for 28.746)
2020-04-02 17:06:53,651 INFO  http-nio-auto-1-exec-1
				com.employeemngt.jwt.JwtRequestFilter: Auth Flag %S
2020-04-02 17:06:53,749 INFO  http-nio-auto-1-exec-1
				com.employeemngt.controller.EmployeeController: adding employee data
2020-04-02 17:06:53,832 INFO  http-nio-auto-1-exec-1
				com.mongodb.diagnostics.logging.SLF4JLogger: No server chosen by WritableServerSelector from cluster description ClusterDescription{type=UNKNOWN, connectionMode=SINGLE, serverDescriptions=[ServerDescription{address=localhost:27017, type=UNKNOWN, state=CONNECTING, exception={com.mongodb.MongoSocketOpenException: Exception opening socket}, caused by {java.net.ConnectException: Connection refused: connect}}]}. Waiting for 30000 ms before timing out
2020-04-02 17:06:53,885 INFO  cluster-ClusterId{value='5e85ce4aad46762df0de02d8', description='null'}-localhost:27017
				com.mongodb.diagnostics.logging.SLF4JLogger: Opened connection [connectionId{localValue:2, serverValue:1}] to localhost:27017
2020-04-02 17:06:53,890 INFO  cluster-ClusterId{value='5e85ce4aad46762df0de02d8', description='null'}-localhost:27017
				com.mongodb.diagnostics.logging.SLF4JLogger: Monitor thread successfully connected to server with description ServerDescription{address=localhost:27017, type=STANDALONE, state=CONNECTED, ok=true, version=ServerVersion{versionList=[3, 2, 2]}, minWireVersion=0, maxWireVersion=4, maxDocumentSize=16777216, roundTripTimeNanos=1471700}
2020-04-02 17:06:53,902 INFO  http-nio-auto-1-exec-1
				com.mongodb.diagnostics.logging.SLF4JLogger: Opened connection [connectionId{localValue:3, serverValue:2}] to localhost:27017
2020-04-02 17:06:53,962 ERROR http-nio-auto-1-exec-1
				org.apache.juli.logging.DirectJDKLog: Servlet.service() for servlet [dispatcherServlet] in context with path [] threw exception [Request processing failed; nested exception is com.employeemngt.exception.SequenceException] with root cause
com.employeemngt.exception.SequenceException: null
	at com.employeemngt.repository.EmployeeIdSequenceRepositoryImpl.getNextSequenceId(EmployeeIdSequenceRepositoryImpl.java:40)
	at com.employeemngt.repository.EmployeeIdSequenceRepositoryImpl$$FastClassBySpringCGLIB$$4d957f93.invoke(<generated>)
	at org.springframework.cglib.proxy.MethodProxy.invoke(MethodProxy.java:204)
	at org.springframework.aop.framework.CglibAopProxy$CglibMethodInvocation.invokeJoinpoint(CglibAopProxy.java:738)
	at org.springframework.aop.framework.ReflectiveMethodInvocation.proceed(ReflectiveMethodInvocation.java:157)
	at org.springframework.dao.support.PersistenceExceptionTranslationInterceptor.invoke(PersistenceExceptionTranslationInterceptor.java:136)
	at org.springframework.aop.framework.ReflectiveMethodInvocation.proceed(ReflectiveMethodInvocation.java:179)
	at org.springframework.aop.framework.CglibAopProxy$DynamicAdvisedInterceptor.intercept(CglibAopProxy.java:673)
	at com.employeemngt.repository.EmployeeIdSequenceRepositoryImpl$$EnhancerBySpringCGLIB$$a4be71ed.getNextSequenceId(<generated>)
	at com.employeemngt.service.impl.EmployeeServiceImpl.addEmployee(EmployeeServiceImpl.java:63)
	at com.employeemngt.controller.EmployeeController.create(EmployeeController.java:44)
	at sun.reflect.NativeMethodAccessorImpl.invoke0(Native Method)
	at sun.reflect.NativeMethodAccessorImpl.invoke(NativeMethodAccessorImpl.java:62)
	at sun.reflect.DelegatingMethodAccessorImpl.invoke(DelegatingMethodAccessorImpl.java:43)
	at java.lang.reflect.Method.invoke(Method.java:498)
	at org.springframework.web.method.support.InvocableHandlerMethod.doInvoke(InvocableHandlerMethod.java:205)
	at org.springframework.web.method.support.InvocableHandlerMethod.invokeForRequest(InvocableHandlerMethod.java:133)
	at org.springframework.web.servlet.mvc.method.annotation.ServletInvocableHandlerMethod.invokeAndHandle(ServletInvocableHandlerMethod.java:97)
	at org.springframework.web.servlet.mvc.method.annotation.RequestMappingHandlerAdapter.invokeHandlerMethod(RequestMappingHandlerAdapter.java:827)
	at org.springframework.web.servlet.mvc.method.annotation.RequestMappingHandlerAdapter.handleInternal(RequestMappingHandlerAdapter.java:738)
	at org.springframework.web.servlet.mvc.method.AbstractHandlerMethodAdapter.handle(AbstractHandlerMethodAdapter.java:85)
	at org.springframework.web.servlet.DispatcherServlet.doDispatch(DispatcherServlet.java:963)
	at org.springframework.web.servlet.DispatcherServlet.doService(DispatcherServlet.java:897)
	at org.springframework.web.servlet.FrameworkServlet.processRequest(FrameworkServlet.java:970)
	at org.springframework.web.servlet.FrameworkServlet.doPost(FrameworkServlet.java:872)
	at javax.servlet.http.HttpServlet.service(HttpServlet.java:661)
	at org.springframework.web.servlet.FrameworkServlet.service(FrameworkServlet.java:846)
	at javax.servlet.http.HttpServlet.service(HttpServlet.java:742)
	at org.apache.catalina.core.ApplicationFilterChain.internalDoFilter(ApplicationFilterChain.java:231)
	at org.apache.catalina.core.ApplicationFilterChain.doFilter(ApplicationFilterChain.java:166)
	at org.apache.tomcat.websocket.server.WsFilter.doFilter(WsFilter.java:52)
	at org.apache.catalina.core.ApplicationFilterChain.internalDoFilter(ApplicationFilterChain.java:193)
	at org.apache.catalina.core.ApplicationFilterChain.doFilter(ApplicationFilterChain.java:166)
	at com.employeemngt.jwt.JwtRequestFilter.doFilterInternal(JwtRequestFilter.java:78)
	at org.springframework.web.filter.OncePerRequestFilter.doFilter(OncePerRequestFilter.java:107)
	at org.apache.catalina.core.ApplicationFilterChain.internalDoFilter(ApplicationFilterChain.java:193)
	at org.apache.catalina.core.ApplicationFilterChain.doFilter(ApplicationFilterChain.java:166)
	at org.springframework.web.filter.CorsFilter.doFilterInternal(CorsFilter.java:96)
	at org.springframework.web.filter.OncePerRequestFilter.doFilter(OncePerRequestFilter.java:107)
	at org.apache.catalina.core.ApplicationFilterChain.internalDoFilter(ApplicationFilterChain.java:193)
	at org.apache.catalina.core.ApplicationFilterChain.doFilter(ApplicationFilterChain.java:166)
	at org.springframework.security.web.FilterChainProxy.doFilterInternal(FilterChainProxy.java:208)
	at org.springframework.security.web.FilterChainProxy.doFilter(FilterChainProxy.java:177)
	at org.springframework.web.filter.DelegatingFilterProxy.invokeDelegate(DelegatingFilterProxy.java:346)
	at org.springframework.web.filter.DelegatingFilterProxy.doFilter(DelegatingFilterProxy.java:262)
	at org.apache.catalina.core.ApplicationFilterChain.internalDoFilter(ApplicationFilterChain.java:193)
	at org.apache.catalina.core.ApplicationFilterChain.doFilter(ApplicationFilterChain.java:166)
	at org.springframework.web.filter.RequestContextFilter.doFilterInternal(RequestContextFilter.java:99)
	at org.springframework.web.filter.OncePerRequestFilter.doFilter(OncePerRequestFilter.java:107)
	at org.apache.catalina.core.ApplicationFilterChain.internalDoFilter(ApplicationFilterChain.java:193)
	at org.apache.catalina.core.ApplicationFilterChain.doFilter(ApplicationFilterChain.java:166)
	at org.springframework.web.filter.HttpPutFormContentFilter.doFilterInternal(HttpPutFormContentFilter.java:105)
	at org.springframework.web.filter.OncePerRequestFilter.doFilter(OncePerRequestFilter.java:107)
	at org.apache.catalina.core.ApplicationFilterChain.internalDoFilter(ApplicationFilterChain.java:193)
	at org.apache.catalina.core.ApplicationFilterChain.doFilter(ApplicationFilterChain.java:166)
	at org.springframework.web.filter.HiddenHttpMethodFilter.doFilterInternal(HiddenHttpMethodFilter.java:81)
	at org.springframework.web.filter.OncePerRequestFilter.doFilter(OncePerRequestFilter.java:107)
	at org.apache.catalina.core.ApplicationFilterChain.internalDoFilter(ApplicationFilterChain.java:193)
	at org.apache.catalina.core.ApplicationFilterChain.doFilter(ApplicationFilterChain.java:166)
	at org.springframework.web.filter.CharacterEncodingFilter.doFilterInternal(CharacterEncodingFilter.java:197)
	at org.springframework.web.filter.OncePerRequestFilter.doFilter(OncePerRequestFilter.java:107)
	at org.apache.catalina.core.ApplicationFilterChain.internalDoFilter(ApplicationFilterChain.java:193)
	at org.apache.catalina.core.ApplicationFilterChain.doFilter(ApplicationFilterChain.java:166)
	at org.apache.catalina.core.StandardWrapperValve.invoke(StandardWrapperValve.java:198)
	at org.apache.catalina.core.StandardContextValve.invoke(StandardContextValve.java:96)
	at org.apache.catalina.authenticator.AuthenticatorBase.invoke(AuthenticatorBase.java:478)
	at org.apache.catalina.core.StandardHostValve.invoke(StandardHostValve.java:140)
	at org.apache.catalina.valves.ErrorReportValve.invoke(ErrorReportValve.java:80)
	at org.apache.catalina.core.StandardEngineValve.invoke(StandardEngineValve.java:87)
	at org.apache.catalina.connector.CoyoteAdapter.service(CoyoteAdapter.java:342)
	at org.apache.coyote.http11.Http11Processor.service(Http11Processor.java:799)
	at org.apache.coyote.AbstractProcessorLight.process(AbstractProcessorLight.java:66)
	at org.apache.coyote.AbstractProtocol$ConnectionHandler.process(AbstractProtocol.java:861)
	at org.apache.tomcat.util.net.NioEndpoint$SocketProcessor.doRun(NioEndpoint.java:1455)
	at org.apache.tomcat.util.net.SocketProcessorBase.run(SocketProcessorBase.java:49)
	at java.util.concurrent.ThreadPoolExecutor.runWorker(ThreadPoolExecutor.java:1149)
	at java.util.concurrent.ThreadPoolExecutor$Worker.run(ThreadPoolExecutor.java:624)
	at org.apache.tomcat.util.threads.TaskThread$WrappingRunnable.run(TaskThread.java:61)
	at java.lang.Thread.run(Thread.java:748)
2020-04-02 17:06:54,093 INFO  http-nio-auto-1-exec-2
				com.employeemngt.jwt.JwtRequestFilter: Auth Flag %S
2020-04-02 17:06:54,097 INFO  http-nio-auto-1-exec-2
				com.employeemngt.service.impl.EmployeeServiceImpl: Fetching all employee
2020-04-02 17:06:54,258 INFO  main
				com.employeemngt.controller.LeaveController: employee applying leaves 
2020-04-02 17:06:54,265 INFO  main
				com.employeemngt.controller.LeaveController: update leave for employee ID : %S
2020-04-02 17:06:54,272 INFO  main
				com.employeemngt.controller.LeaveController: adding leaves to eployee 
2020-04-02 17:06:54,333 INFO  main
				com.employeemngt.controller.ReportController: downloadReport In Excel
2020-04-02 17:06:54,417 INFO  main
				com.employeemngt.service.impl.DepartmentServiceImpl: Checking Requested Depart is Assigned to any employee
2020-04-02 17:06:54,445 INFO  main
				com.employeemngt.service.impl.DepartmentServiceImpl: Checking Requested Depart is Assigned to any employee
2020-04-02 17:06:54,504 INFO  main
				org.dozer.config.GlobalSettings: Trying to find Dozer configuration file: dozer.properties
2020-04-02 17:06:54,602 WARN  main
				org.dozer.config.GlobalSettings: Dozer configuration file not found: dozer.properties.  Using defaults for all Dozer global properties.
2020-04-02 17:06:54,608 INFO  main
				org.dozer.DozerInitializer: Initializing Dozer. Version: 5.5.0, Thread Name: main
2020-04-02 17:06:54,615 INFO  main
				org.dozer.jmx.JMXPlatformImpl: Dozer JMX MBean [org.dozer.jmx:type=DozerStatisticsController] auto registered with the Platform MBean Server
2020-04-02 17:06:54,641 INFO  main
				org.dozer.jmx.JMXPlatformImpl: Dozer JMX MBean [org.dozer.jmx:type=DozerAdminController] auto registered with the Platform MBean Server
2020-04-02 17:06:54,645 INFO  main
				org.dozer.DozerBeanMapper: Initializing a new instance of dozer bean mapper.
2020-04-02 17:06:55,209 INFO  main
				com.employeemngt.service.impl.EmployeeServiceImpl: moving employee to history
2020-04-02 17:06:55,210 INFO  main
				org.dozer.DozerBeanMapper: Initializing a new instance of dozer bean mapper.
2020-04-02 17:06:55,217 INFO  main
				org.dozer.DozerBeanMapper: Initializing a new instance of dozer bean mapper.
2020-04-02 17:06:55,221 INFO  main
				org.dozer.DozerBeanMapper: Initializing a new instance of dozer bean mapper.
2020-04-02 17:06:55,227 INFO  main
				org.dozer.DozerBeanMapper: Initializing a new instance of dozer bean mapper.
2020-04-02 17:06:55,276 INFO  main
				com.employeemngt.service.impl.EmployeeServiceImpl: adding employee address
2020-04-02 17:06:55,278 INFO  main
				com.employeemngt.service.impl.EmployeeServiceImpl: adding employee department
2020-04-02 17:06:55,279 INFO  main
				com.employeemngt.service.impl.EmployeeServiceImpl: adding employee
2020-04-02 17:06:55,298 INFO  main
				com.employeemngt.service.impl.EmployeeServiceImpl: Fetching all employee
2020-04-02 17:06:55,311 INFO  main
				com.employeemngt.service.impl.EmployeeServiceImpl: adding employee address
2020-04-02 17:06:55,313 INFO  main
				com.employeemngt.service.impl.EmployeeServiceImpl: adding employee department
2020-04-02 17:06:55,355 INFO  main
				com.employeemngt.service.impl.EmployeeServiceImpl: adding employee address
2020-04-02 17:06:55,357 INFO  main
				com.employeemngt.service.impl.EmployeeServiceImpl: adding employee department
2020-04-02 17:06:55,358 INFO  main
				com.employeemngt.service.impl.EmployeeServiceImpl: adding employee
2020-04-02 17:06:55,436 INFO  main
				com.employeemngt.service.impl.LeaveServiceImpl: Applying Leaves..
2020-04-02 17:11:18,536 INFO  main
				com.employeemngt.controller.DepartmentController: update employee by ID : null
2020-04-02 17:11:19,292 INFO  main
				com.employeemngt.controller.DepartmentController: adding employee data
2020-04-02 17:11:19,460 INFO  main
				com.employeemngt.controller.EmployeeController: update employee by ID : 12
2020-04-02 17:11:19,511 INFO  main
				com.employeemngt.controller.EmployeeController: adding employee data
2020-04-02 17:11:19,570 INFO  main
				com.employeemngt.controller.LeaveController: employee applying leaves 
2020-04-02 17:11:19,577 INFO  main
				com.employeemngt.controller.LeaveController: update leave for employee ID : %S
2020-04-02 17:11:19,600 INFO  main
				com.employeemngt.controller.LeaveController: adding leaves to eployee 
2020-04-02 17:11:19,737 INFO  main
				com.employeemngt.controller.ReportController: downloadReport In Excel
2020-04-02 17:11:19,882 INFO  main
				com.employeemngt.service.impl.DepartmentServiceImpl: Checking Requested Depart is Assigned to any employee
2020-04-02 17:11:19,965 INFO  main
				com.employeemngt.service.impl.DepartmentServiceImpl: Checking Requested Depart is Assigned to any employee
2020-04-02 17:11:20,009 INFO  main
				org.dozer.config.GlobalSettings: Trying to find Dozer configuration file: dozer.properties
2020-04-02 17:11:20,045 WARN  main
				org.dozer.config.GlobalSettings: Dozer configuration file not found: dozer.properties.  Using defaults for all Dozer global properties.
2020-04-02 17:11:20,056 INFO  main
				org.dozer.DozerInitializer: Initializing Dozer. Version: 5.5.0, Thread Name: main
2020-04-02 17:11:20,215 INFO  main
				org.dozer.jmx.JMXPlatformImpl: Dozer JMX MBean [org.dozer.jmx:type=DozerStatisticsController] auto registered with the Platform MBean Server
2020-04-02 17:11:20,219 INFO  main
				org.dozer.jmx.JMXPlatformImpl: Dozer JMX MBean [org.dozer.jmx:type=DozerAdminController] auto registered with the Platform MBean Server
2020-04-02 17:11:20,222 INFO  main
				org.dozer.DozerBeanMapper: Initializing a new instance of dozer bean mapper.
2020-04-02 17:11:20,748 INFO  main
				com.employeemngt.service.impl.EmployeeServiceImpl: moving employee to history
2020-04-02 17:11:20,749 INFO  main
				org.dozer.DozerBeanMapper: Initializing a new instance of dozer bean mapper.
2020-04-02 17:11:20,765 INFO  main
				org.dozer.DozerBeanMapper: Initializing a new instance of dozer bean mapper.
2020-04-02 17:11:20,770 INFO  main
				org.dozer.DozerBeanMapper: Initializing a new instance of dozer bean mapper.
2020-04-02 17:11:20,774 INFO  main
				org.dozer.DozerBeanMapper: Initializing a new instance of dozer bean mapper.
2020-04-02 17:11:20,823 INFO  main
				com.employeemngt.service.impl.EmployeeServiceImpl: adding employee address
2020-04-02 17:11:20,824 INFO  main
				com.employeemngt.service.impl.EmployeeServiceImpl: adding employee department
2020-04-02 17:11:20,825 INFO  main
				com.employeemngt.service.impl.EmployeeServiceImpl: adding employee
2020-04-02 17:11:20,837 INFO  main
				com.employeemngt.service.impl.EmployeeServiceImpl: Fetching all employee
2020-04-02 17:11:20,850 INFO  main
				com.employeemngt.service.impl.EmployeeServiceImpl: adding employee address
2020-04-02 17:11:20,852 INFO  main
				com.employeemngt.service.impl.EmployeeServiceImpl: adding employee department
2020-04-02 17:11:20,891 INFO  main
				com.employeemngt.service.impl.EmployeeServiceImpl: adding employee address
2020-04-02 17:11:20,892 INFO  main
				com.employeemngt.service.impl.EmployeeServiceImpl: adding employee department
2020-04-02 17:11:20,894 INFO  main
				com.employeemngt.service.impl.EmployeeServiceImpl: adding employee
2020-04-02 17:11:20,947 INFO  main
				com.employeemngt.service.impl.LeaveServiceImpl: Applying Leaves..
