2020-03-27 09:46:13,019 INFO  http-nio-8081-exec-3
				com.employeemngt.jwt.JwtRequestFilter: Auth Flag %S
2020-03-27 09:46:13,091 INFO  http-nio-8081-exec-3
				com.employeemngt.service.impl.EmployeeServiceImpl: Fetching all employee
2020-03-27 11:29:34,224 INFO  http-nio-8081-exec-5
				com.employeemngt.jwt.JwtRequestFilter: Auth Flag %S
2020-03-27 11:29:34,231 INFO  http-nio-8081-exec-5
				com.employeemngt.service.impl.EmployeeServiceImpl: Fetching all employee
2020-03-27 11:36:06,396 INFO  http-nio-8081-exec-7
				com.employeemngt.jwt.JwtRequestFilter: Auth Flag %S
2020-03-27 11:36:06,399 INFO  http-nio-8081-exec-7
				com.employeemngt.service.impl.EmployeeServiceImpl: Fetching all employee
2020-03-27 11:36:30,818 INFO  http-nio-8081-exec-8
				com.employeemngt.jwt.JwtRequestFilter: Auth Flag %S
2020-03-27 11:36:30,819 INFO  http-nio-8081-exec-8
				com.employeemngt.service.impl.EmployeeServiceImpl: Fetching all employee
2020-03-27 12:00:33,762 INFO  http-nio-8081-exec-10
				com.employeemngt.jwt.JwtRequestFilter: Auth Flag %S
2020-03-27 12:00:33,763 INFO  http-nio-8081-exec-10
				com.employeemngt.service.impl.EmployeeServiceImpl: Fetching all employee
2020-03-27 12:19:04,590 INFO  restartedMain
				com.employeemngt.EmployeeManagementApplication: #########   EmployeeManagementApplication Starting  #########
2020-03-27 12:19:04,736 INFO  restartedMain
				org.springframework.boot.StartupInfoLogger: Starting EmployeeManagementApplication on BDC7C-L-44ZY5Q2 with PID 20972 (C:\le_workspace\Git\employee-management\target\classes started by s.venkata.gangala in C:\le_workspace\Git\employee-management)
2020-03-27 12:19:04,736 DEBUG restartedMain
				org.springframework.boot.StartupInfoLogger: Running with Spring Boot v1.5.3.RELEASE, Spring v4.3.8.RELEASE
2020-03-27 12:19:04,736 INFO  restartedMain
				org.springframework.boot.SpringApplication: The following profiles are active: Local
2020-03-27 12:19:07,314 DEBUG localhost-startStop-1
				org.springframework.web.filter.GenericFilterBean: Initializing filter 'jwtRequestFilter'
2020-03-27 12:19:07,315 DEBUG localhost-startStop-1
				org.springframework.web.filter.GenericFilterBean: Filter 'jwtRequestFilter' configured successfully
2020-03-27 12:19:07,349 INFO  restartedMain
				com.mongodb.diagnostics.logging.SLF4JLogger: Cluster created with settings {hosts=[localhost:27017], mode=SINGLE, requiredClusterType=UNKNOWN, serverSelectionTimeout='30000 ms', maxWaitQueueSize=500}
2020-03-27 12:19:07,356 INFO  cluster-ClusterId{value='5e7da1e39344f651ece155cc', description='null'}-localhost:27017
				com.mongodb.diagnostics.logging.SLF4JLogger: Opened connection [connectionId{localValue:3, serverValue:3}] to localhost:27017
2020-03-27 12:19:07,357 INFO  cluster-ClusterId{value='5e7da1e39344f651ece155cc', description='null'}-localhost:27017
				com.mongodb.diagnostics.logging.SLF4JLogger: Monitor thread successfully connected to server with description ServerDescription{address=localhost:27017, type=STANDALONE, state=CONNECTED, ok=true, version=ServerVersion{versionList=[4, 2, 0]}, minWireVersion=0, maxWireVersion=8, maxDocumentSize=16777216, roundTripTimeNanos=458600}
2020-03-27 12:19:08,072 INFO  restartedMain
				org.springframework.boot.StartupInfoLogger: Started EmployeeManagementApplication in 3.451 seconds (JVM running for 259632.276)
2020-03-27 12:19:08,072 INFO  restartedMain
				com.employeemngt.EmployeeManagementApplication: #########   EmployeeManagementApplication Started   #########
2020-03-27 12:19:12,361 INFO  main
				com.employeemngt.controller.DepartmentController: update employee by ID : null
2020-03-27 12:19:13,064 INFO  main
				com.employeemngt.controller.DepartmentController: adding employee data
2020-03-27 12:19:13,195 INFO  main
				com.employeemngt.controller.EmployeeController: update employee by ID : 12
2020-03-27 12:19:13,230 INFO  main
				com.employeemngt.controller.EmployeeController: adding employee data
2020-03-27 12:19:13,271 INFO  main
				com.employeemngt.controller.LeaveController: employee applying leaves 
2020-03-27 12:19:13,279 INFO  main
				com.employeemngt.controller.LeaveController: update leave for employee ID : %S
2020-03-27 12:19:13,291 INFO  main
				com.employeemngt.controller.LeaveController: adding leaves to eployee 
2020-03-27 12:19:30,838 INFO  restartedMain
				com.employeemngt.EmployeeManagementApplication: #########   EmployeeManagementApplication Starting  #########
2020-03-27 12:19:30,924 INFO  restartedMain
				org.springframework.boot.StartupInfoLogger: Starting EmployeeManagementApplication on BDC7C-L-44ZY5Q2 with PID 20972 (C:\le_workspace\Git\employee-management\target\classes started by s.venkata.gangala in C:\le_workspace\Git\employee-management)
2020-03-27 12:19:30,924 DEBUG restartedMain
				org.springframework.boot.StartupInfoLogger: Running with Spring Boot v1.5.3.RELEASE, Spring v4.3.8.RELEASE
2020-03-27 12:19:30,924 INFO  restartedMain
				org.springframework.boot.SpringApplication: The following profiles are active: Local
2020-03-27 12:19:33,415 DEBUG localhost-startStop-1
				org.springframework.web.filter.GenericFilterBean: Initializing filter 'jwtRequestFilter'
2020-03-27 12:19:33,416 DEBUG localhost-startStop-1
				org.springframework.web.filter.GenericFilterBean: Filter 'jwtRequestFilter' configured successfully
2020-03-27 12:19:33,444 INFO  restartedMain
				com.mongodb.diagnostics.logging.SLF4JLogger: Cluster created with settings {hosts=[localhost:27017], mode=SINGLE, requiredClusterType=UNKNOWN, serverSelectionTimeout='30000 ms', maxWaitQueueSize=500}
2020-03-27 12:19:33,448 INFO  cluster-ClusterId{value='5e7da1fd9344f651ece155cd', description='null'}-localhost:27017
				com.mongodb.diagnostics.logging.SLF4JLogger: Opened connection [connectionId{localValue:4, serverValue:4}] to localhost:27017
2020-03-27 12:19:33,448 INFO  cluster-ClusterId{value='5e7da1fd9344f651ece155cd', description='null'}-localhost:27017
				com.mongodb.diagnostics.logging.SLF4JLogger: Monitor thread successfully connected to server with description ServerDescription{address=localhost:27017, type=STANDALONE, state=CONNECTED, ok=true, version=ServerVersion{versionList=[4, 2, 0]}, minWireVersion=0, maxWireVersion=8, maxDocumentSize=16777216, roundTripTimeNanos=364901}
2020-03-27 12:19:34,054 INFO  restartedMain
				org.springframework.boot.StartupInfoLogger: Started EmployeeManagementApplication in 3.209 seconds (JVM running for 259658.258)
2020-03-27 12:19:34,054 INFO  restartedMain
				com.employeemngt.EmployeeManagementApplication: #########   EmployeeManagementApplication Started   #########
2020-03-27 12:38:11,664 INFO  restartedMain
				com.employeemngt.EmployeeManagementApplication: #########   EmployeeManagementApplication Starting  #########
2020-03-27 12:38:11,835 INFO  restartedMain
				org.springframework.boot.StartupInfoLogger: Starting EmployeeManagementApplication on BDC7C-L-44ZY5Q2 with PID 20972 (C:\le_workspace\Git\employee-management\target\classes started by s.venkata.gangala in C:\le_workspace\Git\employee-management)
2020-03-27 12:38:11,836 DEBUG restartedMain
				org.springframework.boot.StartupInfoLogger: Running with Spring Boot v1.5.3.RELEASE, Spring v4.3.8.RELEASE
2020-03-27 12:38:11,836 INFO  restartedMain
				org.springframework.boot.SpringApplication: The following profiles are active: Local
2020-03-27 12:38:14,867 DEBUG localhost-startStop-1
				org.springframework.web.filter.GenericFilterBean: Initializing filter 'jwtRequestFilter'
2020-03-27 12:38:14,868 DEBUG localhost-startStop-1
				org.springframework.web.filter.GenericFilterBean: Filter 'jwtRequestFilter' configured successfully
2020-03-27 12:38:14,901 INFO  restartedMain
				com.mongodb.diagnostics.logging.SLF4JLogger: Cluster created with settings {hosts=[localhost:27017], mode=SINGLE, requiredClusterType=UNKNOWN, serverSelectionTimeout='30000 ms', maxWaitQueueSize=500}
2020-03-27 12:38:14,911 INFO  cluster-ClusterId{value='5e7da65e9344f651ece155ce', description='null'}-localhost:27017
				com.mongodb.diagnostics.logging.SLF4JLogger: Opened connection [connectionId{localValue:5, serverValue:5}] to localhost:27017
2020-03-27 12:38:14,911 INFO  cluster-ClusterId{value='5e7da65e9344f651ece155ce', description='null'}-localhost:27017
				com.mongodb.diagnostics.logging.SLF4JLogger: Monitor thread successfully connected to server with description ServerDescription{address=localhost:27017, type=STANDALONE, state=CONNECTED, ok=true, version=ServerVersion{versionList=[4, 2, 0]}, minWireVersion=0, maxWireVersion=8, maxDocumentSize=16777216, roundTripTimeNanos=337000}
2020-03-27 12:38:15,668 INFO  restartedMain
				org.springframework.boot.StartupInfoLogger: Started EmployeeManagementApplication in 3.949 seconds (JVM running for 260779.892)
2020-03-27 12:38:15,669 INFO  restartedMain
				com.employeemngt.EmployeeManagementApplication: #########   EmployeeManagementApplication Started   #########
2020-03-27 12:43:45,811 INFO  main
				com.employeemngt.controller.EmployeeController: update employee by ID : 12
2020-03-27 12:43:45,839 INFO  main
				com.employeemngt.controller.EmployeeController: adding employee data
2020-03-27 12:45:10,965 INFO  restartedMain
				com.employeemngt.EmployeeManagementApplication: #########   EmployeeManagementApplication Starting  #########
2020-03-27 12:45:11,090 INFO  restartedMain
				org.springframework.boot.StartupInfoLogger: Starting EmployeeManagementApplication on BDC7C-L-44ZY5Q2 with PID 20972 (C:\le_workspace\Git\employee-management\target\classes started by s.venkata.gangala in C:\le_workspace\Git\employee-management)
2020-03-27 12:45:11,090 DEBUG restartedMain
				org.springframework.boot.StartupInfoLogger: Running with Spring Boot v1.5.3.RELEASE, Spring v4.3.8.RELEASE
2020-03-27 12:45:11,091 INFO  restartedMain
				org.springframework.boot.SpringApplication: The following profiles are active: Local
2020-03-27 12:45:13,842 DEBUG localhost-startStop-1
				org.springframework.web.filter.GenericFilterBean: Initializing filter 'jwtRequestFilter'
2020-03-27 12:45:13,843 DEBUG localhost-startStop-1
				org.springframework.web.filter.GenericFilterBean: Filter 'jwtRequestFilter' configured successfully
2020-03-27 12:45:13,879 INFO  restartedMain
				com.mongodb.diagnostics.logging.SLF4JLogger: Cluster created with settings {hosts=[localhost:27017], mode=SINGLE, requiredClusterType=UNKNOWN, serverSelectionTimeout='30000 ms', maxWaitQueueSize=500}
2020-03-27 12:45:13,884 INFO  cluster-ClusterId{value='5e7da8019344f651ece155cf', description='null'}-localhost:27017
				com.mongodb.diagnostics.logging.SLF4JLogger: Opened connection [connectionId{localValue:6, serverValue:6}] to localhost:27017
2020-03-27 12:45:13,885 INFO  cluster-ClusterId{value='5e7da8019344f651ece155cf', description='null'}-localhost:27017
				com.mongodb.diagnostics.logging.SLF4JLogger: Monitor thread successfully connected to server with description ServerDescription{address=localhost:27017, type=STANDALONE, state=CONNECTED, ok=true, version=ServerVersion{versionList=[4, 2, 0]}, minWireVersion=0, maxWireVersion=8, maxDocumentSize=16777216, roundTripTimeNanos=394400}
2020-03-27 12:45:14,598 INFO  restartedMain
				org.springframework.boot.StartupInfoLogger: Started EmployeeManagementApplication in 3.604 seconds (JVM running for 261198.823)
2020-03-27 12:45:14,598 INFO  restartedMain
				com.employeemngt.EmployeeManagementApplication: #########   EmployeeManagementApplication Started   #########
2020-03-27 12:45:18,923 INFO  main
				com.employeemngt.controller.DepartmentController: update employee by ID : null
2020-03-27 12:45:19,622 INFO  main
				com.employeemngt.controller.DepartmentController: adding employee data
2020-03-27 12:45:19,747 INFO  main
				com.employeemngt.controller.EmployeeController: update employee by ID : 12
2020-03-27 12:45:19,773 INFO  main
				com.employeemngt.controller.EmployeeController: adding employee data
2020-03-27 12:45:19,801 INFO  main
				com.employeemngt.controller.LeaveController: employee applying leaves 
2020-03-27 12:45:19,804 INFO  main
				com.employeemngt.controller.LeaveController: update leave for employee ID : %S
2020-03-27 12:45:19,812 INFO  main
				com.employeemngt.controller.LeaveController: adding leaves to eployee 
2020-03-27 13:16:09,019 INFO  restartedMain
				com.employeemngt.EmployeeManagementApplication: #########   EmployeeManagementApplication Starting  #########
2020-03-27 13:16:09,128 INFO  restartedMain
				org.springframework.boot.StartupInfoLogger: Starting EmployeeManagementApplication on BDC7C-L-44ZY5Q2 with PID 20972 (C:\le_workspace\Git\employee-management\target\classes started by s.venkata.gangala in C:\le_workspace\Git\employee-management)
2020-03-27 13:16:09,128 DEBUG restartedMain
				org.springframework.boot.StartupInfoLogger: Running with Spring Boot v1.5.3.RELEASE, Spring v4.3.8.RELEASE
2020-03-27 13:16:09,128 INFO  restartedMain
				org.springframework.boot.SpringApplication: The following profiles are active: Local
2020-03-27 13:16:11,743 DEBUG localhost-startStop-1
				org.springframework.web.filter.GenericFilterBean: Initializing filter 'jwtRequestFilter'
2020-03-27 13:16:11,744 DEBUG localhost-startStop-1
				org.springframework.web.filter.GenericFilterBean: Filter 'jwtRequestFilter' configured successfully
2020-03-27 13:16:11,778 INFO  restartedMain
				com.mongodb.diagnostics.logging.SLF4JLogger: Cluster created with settings {hosts=[localhost:27017], mode=SINGLE, requiredClusterType=UNKNOWN, serverSelectionTimeout='30000 ms', maxWaitQueueSize=500}
2020-03-27 13:16:11,783 INFO  cluster-ClusterId{value='5e7daf439344f651ece155d0', description='null'}-localhost:27017
				com.mongodb.diagnostics.logging.SLF4JLogger: Opened connection [connectionId{localValue:7, serverValue:7}] to localhost:27017
2020-03-27 13:16:11,784 INFO  cluster-ClusterId{value='5e7daf439344f651ece155d0', description='null'}-localhost:27017
				com.mongodb.diagnostics.logging.SLF4JLogger: Monitor thread successfully connected to server with description ServerDescription{address=localhost:27017, type=STANDALONE, state=CONNECTED, ok=true, version=ServerVersion{versionList=[4, 2, 0]}, minWireVersion=0, maxWireVersion=8, maxDocumentSize=16777216, roundTripTimeNanos=463899}
2020-03-27 13:16:12,412 INFO  restartedMain
				org.springframework.boot.StartupInfoLogger: Started EmployeeManagementApplication in 3.366 seconds (JVM running for 263056.638)
2020-03-27 13:16:12,412 INFO  restartedMain
				com.employeemngt.EmployeeManagementApplication: #########   EmployeeManagementApplication Started   #########
2020-03-27 13:16:15,851 INFO  main
				com.employeemngt.controller.DepartmentController: update employee by ID : null
2020-03-27 13:16:16,461 INFO  main
				com.employeemngt.controller.DepartmentController: adding employee data
2020-03-27 13:16:16,568 INFO  main
				com.employeemngt.controller.EmployeeController: update employee by ID : 12
2020-03-27 13:16:16,592 INFO  main
				com.employeemngt.controller.EmployeeController: adding employee data
2020-03-27 13:16:16,616 INFO  main
				com.employeemngt.controller.LeaveController: employee applying leaves 
2020-03-27 13:16:16,620 INFO  main
				com.employeemngt.controller.LeaveController: update leave for employee ID : %S
2020-03-27 13:16:16,626 INFO  main
				com.employeemngt.controller.LeaveController: adding leaves to eployee 
2020-03-27 13:17:43,813 INFO  restartedMain
				com.employeemngt.EmployeeManagementApplication: #########   EmployeeManagementApplication Starting  #########
2020-03-27 13:17:44,006 INFO  restartedMain
				org.springframework.boot.StartupInfoLogger: Starting EmployeeManagementApplication on BDC7C-L-44ZY5Q2 with PID 20972 (C:\le_workspace\Git\employee-management\target\classes started by s.venkata.gangala in C:\le_workspace\Git\employee-management)
2020-03-27 13:17:44,006 DEBUG restartedMain
				org.springframework.boot.StartupInfoLogger: Running with Spring Boot v1.5.3.RELEASE, Spring v4.3.8.RELEASE
2020-03-27 13:17:44,007 INFO  restartedMain
				org.springframework.boot.SpringApplication: The following profiles are active: Local
2020-03-27 13:17:47,121 DEBUG localhost-startStop-1
				org.springframework.web.filter.GenericFilterBean: Initializing filter 'jwtRequestFilter'
2020-03-27 13:17:47,122 DEBUG localhost-startStop-1
				org.springframework.web.filter.GenericFilterBean: Filter 'jwtRequestFilter' configured successfully
2020-03-27 13:17:47,171 INFO  restartedMain
				com.mongodb.diagnostics.logging.SLF4JLogger: Cluster created with settings {hosts=[localhost:27017], mode=SINGLE, requiredClusterType=UNKNOWN, serverSelectionTimeout='30000 ms', maxWaitQueueSize=500}
2020-03-27 13:17:47,186 INFO  cluster-ClusterId{value='5e7dafa39344f651ece155d1', description='null'}-localhost:27017
				com.mongodb.diagnostics.logging.SLF4JLogger: Opened connection [connectionId{localValue:8, serverValue:8}] to localhost:27017
2020-03-27 13:17:47,187 INFO  cluster-ClusterId{value='5e7dafa39344f651ece155d1', description='null'}-localhost:27017
				com.mongodb.diagnostics.logging.SLF4JLogger: Monitor thread successfully connected to server with description ServerDescription{address=localhost:27017, type=STANDALONE, state=CONNECTED, ok=true, version=ServerVersion{versionList=[4, 2, 0]}, minWireVersion=0, maxWireVersion=8, maxDocumentSize=16777216, roundTripTimeNanos=950800}
2020-03-27 13:17:47,906 INFO  restartedMain
				org.springframework.boot.StartupInfoLogger: Started EmployeeManagementApplication in 4.061 seconds (JVM running for 263152.133)
2020-03-27 13:17:47,906 INFO  restartedMain
				com.employeemngt.EmployeeManagementApplication: #########   EmployeeManagementApplication Started   #########
2020-03-27 13:17:52,244 INFO  main
				com.employeemngt.controller.DepartmentController: update employee by ID : null
2020-03-27 13:17:52,840 INFO  main
				com.employeemngt.controller.DepartmentController: adding employee data
2020-03-27 13:17:52,944 INFO  main
				com.employeemngt.controller.EmployeeController: update employee by ID : 12
2020-03-27 13:17:52,970 INFO  main
				com.employeemngt.controller.EmployeeController: adding employee data
2020-03-27 13:17:53,002 INFO  main
				com.employeemngt.controller.LeaveController: employee applying leaves 
2020-03-27 13:17:53,008 INFO  main
				com.employeemngt.controller.LeaveController: update leave for employee ID : %S
2020-03-27 13:17:53,015 INFO  main
				com.employeemngt.controller.LeaveController: adding leaves to eployee 
2020-03-27 13:18:49,645 INFO  restartedMain
				com.employeemngt.EmployeeManagementApplication: #########   EmployeeManagementApplication Starting  #########
2020-03-27 13:18:49,755 INFO  restartedMain
				org.springframework.boot.StartupInfoLogger: Starting EmployeeManagementApplication on BDC7C-L-44ZY5Q2 with PID 20972 (C:\le_workspace\Git\employee-management\target\classes started by s.venkata.gangala in C:\le_workspace\Git\employee-management)
2020-03-27 13:18:49,755 DEBUG restartedMain
				org.springframework.boot.StartupInfoLogger: Running with Spring Boot v1.5.3.RELEASE, Spring v4.3.8.RELEASE
2020-03-27 13:18:49,755 INFO  restartedMain
				org.springframework.boot.SpringApplication: The following profiles are active: Local
2020-03-27 13:18:51,971 DEBUG localhost-startStop-1
				org.springframework.web.filter.GenericFilterBean: Initializing filter 'jwtRequestFilter'
2020-03-27 13:18:51,973 DEBUG localhost-startStop-1
				org.springframework.web.filter.GenericFilterBean: Filter 'jwtRequestFilter' configured successfully
2020-03-27 13:18:51,999 INFO  restartedMain
				com.mongodb.diagnostics.logging.SLF4JLogger: Cluster created with settings {hosts=[localhost:27017], mode=SINGLE, requiredClusterType=UNKNOWN, serverSelectionTimeout='30000 ms', maxWaitQueueSize=500}
2020-03-27 13:18:52,013 INFO  cluster-ClusterId{value='5e7dafe39344f651ece155d2', description='null'}-localhost:27017
				com.mongodb.diagnostics.logging.SLF4JLogger: Opened connection [connectionId{localValue:9, serverValue:9}] to localhost:27017
2020-03-27 13:18:52,013 INFO  cluster-ClusterId{value='5e7dafe39344f651ece155d2', description='null'}-localhost:27017
				com.mongodb.diagnostics.logging.SLF4JLogger: Monitor thread successfully connected to server with description ServerDescription{address=localhost:27017, type=STANDALONE, state=CONNECTED, ok=true, version=ServerVersion{versionList=[4, 2, 0]}, minWireVersion=0, maxWireVersion=8, maxDocumentSize=16777216, roundTripTimeNanos=446300}
2020-03-27 13:18:52,092 WARN  restartedMain
				org.springframework.context.support.AbstractApplicationContext: Exception encountered during context initialization - cancelling refresh attempt: org.springframework.beans.factory.BeanCreationException: Error creating bean with name 'reportController' defined in file [C:\le_workspace\Git\employee-management\target\classes\com\employeemngt\controller\ReportController.class]: Instantiation of bean failed; nested exception is org.springframework.beans.BeanInstantiationException: Failed to instantiate [com.employeemngt.controller.ReportController]: Constructor threw exception; nested exception is java.lang.Error: Unresolved compilation problems: 
	The annotation @GetMapping is disallowed for this location
	Syntax error, insert ";" to complete FieldDeclaration
	void is an invalid type for the variable downloadReportInExcelHttpServletResponse
	Return type for the method is missing

2020-03-27 13:18:52,116 ERROR restartedMain
				org.springframework.boot.SpringApplication: Application startup failed
org.springframework.beans.factory.BeanCreationException: Error creating bean with name 'reportController' defined in file [C:\le_workspace\Git\employee-management\target\classes\com\employeemngt\controller\ReportController.class]: Instantiation of bean failed; nested exception is org.springframework.beans.BeanInstantiationException: Failed to instantiate [com.employeemngt.controller.ReportController]: Constructor threw exception; nested exception is java.lang.Error: Unresolved compilation problems: 
	The annotation @GetMapping is disallowed for this location
	Syntax error, insert ";" to complete FieldDeclaration
	void is an invalid type for the variable downloadReportInExcelHttpServletResponse
	Return type for the method is missing

	at org.springframework.beans.factory.support.AbstractAutowireCapableBeanFactory.instantiateBean(AbstractAutowireCapableBeanFactory.java:1155)
	at org.springframework.beans.factory.support.AbstractAutowireCapableBeanFactory.createBeanInstance(AbstractAutowireCapableBeanFactory.java:1099)
	at org.springframework.beans.factory.support.AbstractAutowireCapableBeanFactory.doCreateBean(AbstractAutowireCapableBeanFactory.java:513)
	at org.springframework.beans.factory.support.AbstractAutowireCapableBeanFactory.createBean(AbstractAutowireCapableBeanFactory.java:483)
	at org.springframework.beans.factory.support.AbstractBeanFactory$1.getObject(AbstractBeanFactory.java:306)
	at org.springframework.beans.factory.support.DefaultSingletonBeanRegistry.getSingleton(DefaultSingletonBeanRegistry.java:230)
	at org.springframework.beans.factory.support.AbstractBeanFactory.doGetBean(AbstractBeanFactory.java:302)
	at org.springframework.beans.factory.support.AbstractBeanFactory.getBean(AbstractBeanFactory.java:197)
	at org.springframework.beans.factory.support.DefaultListableBeanFactory.preInstantiateSingletons(DefaultListableBeanFactory.java:761)
	at org.springframework.context.support.AbstractApplicationContext.finishBeanFactoryInitialization(AbstractApplicationContext.java:866)
	at org.springframework.context.support.AbstractApplicationContext.refresh(AbstractApplicationContext.java:542)
	at org.springframework.boot.context.embedded.EmbeddedWebApplicationContext.refresh(EmbeddedWebApplicationContext.java:122)
	at org.springframework.boot.SpringApplication.refresh(SpringApplication.java:737)
	at org.springframework.boot.SpringApplication.refreshContext(SpringApplication.java:370)
	at org.springframework.boot.SpringApplication.run(SpringApplication.java:314)
	at org.springframework.boot.SpringApplication.run(SpringApplication.java:1162)
	at org.springframework.boot.SpringApplication.run(SpringApplication.java:1151)
	at com.employeemngt.EmployeeManagementApplication.main(EmployeeManagementApplication.java:19)
	at sun.reflect.NativeMethodAccessorImpl.invoke0(Native Method)
	at sun.reflect.NativeMethodAccessorImpl.invoke(NativeMethodAccessorImpl.java:62)
	at sun.reflect.DelegatingMethodAccessorImpl.invoke(DelegatingMethodAccessorImpl.java:43)
	at java.lang.reflect.Method.invoke(Method.java:498)
	at org.springframework.boot.devtools.restart.RestartLauncher.run(RestartLauncher.java:49)
Caused by: org.springframework.beans.BeanInstantiationException: Failed to instantiate [com.employeemngt.controller.ReportController]: Constructor threw exception; nested exception is java.lang.Error: Unresolved compilation problems: 
	The annotation @GetMapping is disallowed for this location
	Syntax error, insert ";" to complete FieldDeclaration
	void is an invalid type for the variable downloadReportInExcelHttpServletResponse
	Return type for the method is missing

	at org.springframework.beans.BeanUtils.instantiateClass(BeanUtils.java:154)
	at org.springframework.beans.factory.support.SimpleInstantiationStrategy.instantiate(SimpleInstantiationStrategy.java:89)
	at org.springframework.beans.factory.support.AbstractAutowireCapableBeanFactory.instantiateBean(AbstractAutowireCapableBeanFactory.java:1147)
	... 22 common frames omitted
Caused by: java.lang.Error: Unresolved compilation problems: 
	The annotation @GetMapping is disallowed for this location
	Syntax error, insert ";" to complete FieldDeclaration
	void is an invalid type for the variable downloadReportInExcelHttpServletResponse
	Return type for the method is missing

	at com.employeemngt.controller.ReportController.<init>(ReportController.java:29)
	at sun.reflect.NativeConstructorAccessorImpl.newInstance0(Native Method)
	at sun.reflect.NativeConstructorAccessorImpl.newInstance(NativeConstructorAccessorImpl.java:62)
	at sun.reflect.DelegatingConstructorAccessorImpl.newInstance(DelegatingConstructorAccessorImpl.java:45)
	at java.lang.reflect.Constructor.newInstance(Constructor.java:423)
	at org.springframework.beans.BeanUtils.instantiateClass(BeanUtils.java:142)
	... 24 common frames omitted
2020-03-27 13:18:56,956 INFO  restartedMain
				com.employeemngt.EmployeeManagementApplication: #########   EmployeeManagementApplication Starting  #########
2020-03-27 13:18:57,108 INFO  restartedMain
				org.springframework.boot.StartupInfoLogger: Starting EmployeeManagementApplication on BDC7C-L-44ZY5Q2 with PID 20972 (C:\le_workspace\Git\employee-management\target\classes started by s.venkata.gangala in C:\le_workspace\Git\employee-management)
2020-03-27 13:18:57,109 DEBUG restartedMain
				org.springframework.boot.StartupInfoLogger: Running with Spring Boot v1.5.3.RELEASE, Spring v4.3.8.RELEASE
2020-03-27 13:18:57,109 INFO  restartedMain
				org.springframework.boot.SpringApplication: The following profiles are active: Local
2020-03-27 13:19:00,274 DEBUG localhost-startStop-1
				org.springframework.web.filter.GenericFilterBean: Initializing filter 'jwtRequestFilter'
2020-03-27 13:19:00,275 DEBUG localhost-startStop-1
				org.springframework.web.filter.GenericFilterBean: Filter 'jwtRequestFilter' configured successfully
2020-03-27 13:19:00,323 INFO  restartedMain
				com.mongodb.diagnostics.logging.SLF4JLogger: Cluster created with settings {hosts=[localhost:27017], mode=SINGLE, requiredClusterType=UNKNOWN, serverSelectionTimeout='30000 ms', maxWaitQueueSize=500}
2020-03-27 13:19:00,338 INFO  cluster-ClusterId{value='5e7dafec9344f651ece155d3', description='null'}-localhost:27017
				com.mongodb.diagnostics.logging.SLF4JLogger: Opened connection [connectionId{localValue:10, serverValue:10}] to localhost:27017
2020-03-27 13:19:00,339 INFO  cluster-ClusterId{value='5e7dafec9344f651ece155d3', description='null'}-localhost:27017
				com.mongodb.diagnostics.logging.SLF4JLogger: Monitor thread successfully connected to server with description ServerDescription{address=localhost:27017, type=STANDALONE, state=CONNECTED, ok=true, version=ServerVersion{versionList=[4, 2, 0]}, minWireVersion=0, maxWireVersion=8, maxDocumentSize=16777216, roundTripTimeNanos=889401}
2020-03-27 13:19:00,429 WARN  restartedMain
				org.springframework.context.support.AbstractApplicationContext: Exception encountered during context initialization - cancelling refresh attempt: org.springframework.beans.factory.BeanCreationException: Error creating bean with name 'reportController' defined in file [C:\le_workspace\Git\employee-management\target\classes\com\employeemngt\controller\ReportController.class]: Instantiation of bean failed; nested exception is org.springframework.beans.BeanInstantiationException: Failed to instantiate [com.employeemngt.controller.ReportController]: Constructor threw exception; nested exception is java.lang.Error: Unresolved compilation problems: 
	Syntax error, insert ")" to complete MethodDeclaration
	Syntax error, insert ";" to complete MethodDeclaration

2020-03-27 13:19:00,441 ERROR restartedMain
				org.springframework.boot.SpringApplication: Application startup failed
org.springframework.beans.factory.BeanCreationException: Error creating bean with name 'reportController' defined in file [C:\le_workspace\Git\employee-management\target\classes\com\employeemngt\controller\ReportController.class]: Instantiation of bean failed; nested exception is org.springframework.beans.BeanInstantiationException: Failed to instantiate [com.employeemngt.controller.ReportController]: Constructor threw exception; nested exception is java.lang.Error: Unresolved compilation problems: 
	Syntax error, insert ")" to complete MethodDeclaration
	Syntax error, insert ";" to complete MethodDeclaration

	at org.springframework.beans.factory.support.AbstractAutowireCapableBeanFactory.instantiateBean(AbstractAutowireCapableBeanFactory.java:1155)
	at org.springframework.beans.factory.support.AbstractAutowireCapableBeanFactory.createBeanInstance(AbstractAutowireCapableBeanFactory.java:1099)
	at org.springframework.beans.factory.support.AbstractAutowireCapableBeanFactory.doCreateBean(AbstractAutowireCapableBeanFactory.java:513)
	at org.springframework.beans.factory.support.AbstractAutowireCapableBeanFactory.createBean(AbstractAutowireCapableBeanFactory.java:483)
	at org.springframework.beans.factory.support.AbstractBeanFactory$1.getObject(AbstractBeanFactory.java:306)
	at org.springframework.beans.factory.support.DefaultSingletonBeanRegistry.getSingleton(DefaultSingletonBeanRegistry.java:230)
	at org.springframework.beans.factory.support.AbstractBeanFactory.doGetBean(AbstractBeanFactory.java:302)
	at org.springframework.beans.factory.support.AbstractBeanFactory.getBean(AbstractBeanFactory.java:197)
	at org.springframework.beans.factory.support.DefaultListableBeanFactory.preInstantiateSingletons(DefaultListableBeanFactory.java:761)
	at org.springframework.context.support.AbstractApplicationContext.finishBeanFactoryInitialization(AbstractApplicationContext.java:866)
	at org.springframework.context.support.AbstractApplicationContext.refresh(AbstractApplicationContext.java:542)
	at org.springframework.boot.context.embedded.EmbeddedWebApplicationContext.refresh(EmbeddedWebApplicationContext.java:122)
	at org.springframework.boot.SpringApplication.refresh(SpringApplication.java:737)
	at org.springframework.boot.SpringApplication.refreshContext(SpringApplication.java:370)
	at org.springframework.boot.SpringApplication.run(SpringApplication.java:314)
	at org.springframework.boot.SpringApplication.run(SpringApplication.java:1162)
	at org.springframework.boot.SpringApplication.run(SpringApplication.java:1151)
	at com.employeemngt.EmployeeManagementApplication.main(EmployeeManagementApplication.java:19)
	at sun.reflect.NativeMethodAccessorImpl.invoke0(Native Method)
	at sun.reflect.NativeMethodAccessorImpl.invoke(NativeMethodAccessorImpl.java:62)
	at sun.reflect.DelegatingMethodAccessorImpl.invoke(DelegatingMethodAccessorImpl.java:43)
	at java.lang.reflect.Method.invoke(Method.java:498)
	at org.springframework.boot.devtools.restart.RestartLauncher.run(RestartLauncher.java:49)
Caused by: org.springframework.beans.BeanInstantiationException: Failed to instantiate [com.employeemngt.controller.ReportController]: Constructor threw exception; nested exception is java.lang.Error: Unresolved compilation problems: 
	Syntax error, insert ")" to complete MethodDeclaration
	Syntax error, insert ";" to complete MethodDeclaration

	at org.springframework.beans.BeanUtils.instantiateClass(BeanUtils.java:154)
	at org.springframework.beans.factory.support.SimpleInstantiationStrategy.instantiate(SimpleInstantiationStrategy.java:89)
	at org.springframework.beans.factory.support.AbstractAutowireCapableBeanFactory.instantiateBean(AbstractAutowireCapableBeanFactory.java:1147)
	... 22 common frames omitted
Caused by: java.lang.Error: Unresolved compilation problems: 
	Syntax error, insert ")" to complete MethodDeclaration
	Syntax error, insert ";" to complete MethodDeclaration

	at com.employeemngt.controller.ReportController.<init>(ReportController.java:30)
	at sun.reflect.NativeConstructorAccessorImpl.newInstance0(Native Method)
	at sun.reflect.NativeConstructorAccessorImpl.newInstance(NativeConstructorAccessorImpl.java:62)
	at sun.reflect.DelegatingConstructorAccessorImpl.newInstance(DelegatingConstructorAccessorImpl.java:45)
	at java.lang.reflect.Constructor.newInstance(Constructor.java:423)
	at org.springframework.beans.BeanUtils.instantiateClass(BeanUtils.java:142)
	... 24 common frames omitted
2020-03-27 13:19:04,569 INFO  restartedMain
				com.employeemngt.EmployeeManagementApplication: #########   EmployeeManagementApplication Starting  #########
2020-03-27 13:19:04,650 INFO  restartedMain
				org.springframework.boot.StartupInfoLogger: Starting EmployeeManagementApplication on BDC7C-L-44ZY5Q2 with PID 20972 (C:\le_workspace\Git\employee-management\target\classes started by s.venkata.gangala in C:\le_workspace\Git\employee-management)
2020-03-27 13:19:04,651 DEBUG restartedMain
				org.springframework.boot.StartupInfoLogger: Running with Spring Boot v1.5.3.RELEASE, Spring v4.3.8.RELEASE
2020-03-27 13:19:04,651 INFO  restartedMain
				org.springframework.boot.SpringApplication: The following profiles are active: Local
2020-03-27 13:19:07,015 DEBUG localhost-startStop-1
				org.springframework.web.filter.GenericFilterBean: Initializing filter 'jwtRequestFilter'
2020-03-27 13:19:07,017 DEBUG localhost-startStop-1
				org.springframework.web.filter.GenericFilterBean: Filter 'jwtRequestFilter' configured successfully
2020-03-27 13:19:07,078 INFO  restartedMain
				com.mongodb.diagnostics.logging.SLF4JLogger: Cluster created with settings {hosts=[localhost:27017], mode=SINGLE, requiredClusterType=UNKNOWN, serverSelectionTimeout='30000 ms', maxWaitQueueSize=500}
2020-03-27 13:19:07,091 INFO  cluster-ClusterId{value='5e7daff39344f651ece155d4', description='null'}-localhost:27017
				com.mongodb.diagnostics.logging.SLF4JLogger: Opened connection [connectionId{localValue:11, serverValue:11}] to localhost:27017
2020-03-27 13:19:07,093 INFO  cluster-ClusterId{value='5e7daff39344f651ece155d4', description='null'}-localhost:27017
				com.mongodb.diagnostics.logging.SLF4JLogger: Monitor thread successfully connected to server with description ServerDescription{address=localhost:27017, type=STANDALONE, state=CONNECTED, ok=true, version=ServerVersion{versionList=[4, 2, 0]}, minWireVersion=0, maxWireVersion=8, maxDocumentSize=16777216, roundTripTimeNanos=1235600}
2020-03-27 13:19:07,695 INFO  restartedMain
				org.springframework.boot.StartupInfoLogger: Started EmployeeManagementApplication in 3.119 seconds (JVM running for 263231.922)
2020-03-27 13:19:07,695 INFO  restartedMain
				com.employeemngt.EmployeeManagementApplication: #########   EmployeeManagementApplication Started   #########
2020-03-27 13:19:32,647 INFO  restartedMain
				com.employeemngt.EmployeeManagementApplication: #########   EmployeeManagementApplication Starting  #########
2020-03-27 13:19:32,727 INFO  restartedMain
				org.springframework.boot.StartupInfoLogger: Starting EmployeeManagementApplication on BDC7C-L-44ZY5Q2 with PID 20972 (C:\le_workspace\Git\employee-management\target\classes started by s.venkata.gangala in C:\le_workspace\Git\employee-management)
2020-03-27 13:19:32,728 DEBUG restartedMain
				org.springframework.boot.StartupInfoLogger: Running with Spring Boot v1.5.3.RELEASE, Spring v4.3.8.RELEASE
2020-03-27 13:19:32,728 INFO  restartedMain
				org.springframework.boot.SpringApplication: The following profiles are active: Local
2020-03-27 13:19:35,069 DEBUG localhost-startStop-1
				org.springframework.web.filter.GenericFilterBean: Initializing filter 'jwtRequestFilter'
2020-03-27 13:19:35,071 DEBUG localhost-startStop-1
				org.springframework.web.filter.GenericFilterBean: Filter 'jwtRequestFilter' configured successfully
2020-03-27 13:19:35,100 INFO  restartedMain
				com.mongodb.diagnostics.logging.SLF4JLogger: Cluster created with settings {hosts=[localhost:27017], mode=SINGLE, requiredClusterType=UNKNOWN, serverSelectionTimeout='30000 ms', maxWaitQueueSize=500}
2020-03-27 13:19:35,107 INFO  cluster-ClusterId{value='5e7db00f9344f651ece155d5', description='null'}-localhost:27017
				com.mongodb.diagnostics.logging.SLF4JLogger: Opened connection [connectionId{localValue:12, serverValue:12}] to localhost:27017
2020-03-27 13:19:35,108 INFO  cluster-ClusterId{value='5e7db00f9344f651ece155d5', description='null'}-localhost:27017
				com.mongodb.diagnostics.logging.SLF4JLogger: Monitor thread successfully connected to server with description ServerDescription{address=localhost:27017, type=STANDALONE, state=CONNECTED, ok=true, version=ServerVersion{versionList=[4, 2, 0]}, minWireVersion=0, maxWireVersion=8, maxDocumentSize=16777216, roundTripTimeNanos=490900}
2020-03-27 13:19:35,700 INFO  restartedMain
				org.springframework.boot.StartupInfoLogger: Started EmployeeManagementApplication in 3.045 seconds (JVM running for 263259.926)
2020-03-27 13:19:35,700 INFO  restartedMain
				com.employeemngt.EmployeeManagementApplication: #########   EmployeeManagementApplication Started   #########
2020-03-27 13:19:39,549 INFO  main
				com.employeemngt.controller.DepartmentController: update employee by ID : null
2020-03-27 13:19:40,228 INFO  main
				com.employeemngt.controller.DepartmentController: adding employee data
2020-03-27 13:19:40,332 INFO  main
				com.employeemngt.controller.EmployeeController: update employee by ID : 12
2020-03-27 13:19:40,360 INFO  main
				com.employeemngt.controller.EmployeeController: adding employee data
2020-03-27 13:19:40,393 INFO  main
				com.employeemngt.controller.LeaveController: employee applying leaves 
2020-03-27 13:19:40,398 INFO  main
				com.employeemngt.controller.LeaveController: update leave for employee ID : %S
2020-03-27 13:19:40,405 INFO  main
				com.employeemngt.controller.LeaveController: adding leaves to eployee 
2020-03-27 13:19:40,466 INFO  main
				com.employeemngt.controller.ReportController: downloadReport In Excel
2020-03-27 13:21:03,594 INFO  main
				com.employeemngt.controller.ReportController: downloadReport In Excel
2020-03-27 13:22:59,650 INFO  main
				com.employeemngt.controller.ReportController: downloadReport In Excel
2020-03-27 13:23:44,848 INFO  main
				com.employeemngt.controller.ReportController: downloadReport In Excel
2020-03-27 13:26:10,717 INFO  main
				com.employeemngt.controller.ReportController: downloadReport In Excel
2020-03-27 13:26:43,749 INFO  main
				com.employeemngt.controller.DepartmentController: update employee by ID : null
2020-03-27 13:26:44,428 INFO  main
				com.employeemngt.controller.DepartmentController: adding employee data
2020-03-27 13:26:44,566 INFO  main
				com.employeemngt.controller.EmployeeController: update employee by ID : 12
2020-03-27 13:26:44,619 INFO  main
				com.employeemngt.controller.EmployeeController: adding employee data
2020-03-27 13:26:44,653 INFO  main
				com.employeemngt.controller.LeaveController: employee applying leaves 
2020-03-27 13:26:44,660 INFO  main
				com.employeemngt.controller.LeaveController: update leave for employee ID : %S
2020-03-27 13:26:44,671 INFO  main
				com.employeemngt.controller.LeaveController: adding leaves to eployee 
2020-03-27 13:26:44,759 INFO  main
				com.employeemngt.controller.ReportController: downloadReport In Excel
2020-03-27 14:38:19,094 WARN  main
				org.springframework.test.context.TestContextManager: Caught exception while allowing TestExecutionListener [org.springframework.boot.test.mock.mockito.ResetMocksTestExecutionListener@7a5ceedd] to process 'after' execution for test: method [public void com.employeemngt.service.impl.EmployeeServiceImplTest.addEmployee()], instance [com.employeemngt.service.impl.EmployeeServiceImplTest@4201c465], exception [java.lang.ClassCastException: java.util.ArrayList cannot be cast to com.employeemngt.model.Address]
org.mockito.exceptions.misusing.UnfinishedStubbingException: 
Unfinished stubbing detected here:
-> at com.employeemngt.service.impl.EmployeeServiceImplTest.addEmployee(EmployeeServiceImplTest.java:103)

E.g. thenReturn() may be missing.
Examples of correct stubbing:
    when(mock.isOk()).thenReturn(true);
    when(mock.isOk()).thenThrow(exception);
    doThrow(exception).when(mock).someVoidMethod();
Hints:
 1. missing thenReturn()
 2. you are trying to stub a final method, you naughty developer!
 3: you are stubbing the behaviour of another mock inside before 'thenReturn' instruction if completed

	at org.springframework.boot.test.mock.mockito.ResetMocksTestExecutionListener.resetMocks(ResetMocksTestExecutionListener.java:70)
	at org.springframework.boot.test.mock.mockito.ResetMocksTestExecutionListener.resetMocks(ResetMocksTestExecutionListener.java:55)
	at org.springframework.boot.test.mock.mockito.ResetMocksTestExecutionListener.afterTestMethod(ResetMocksTestExecutionListener.java:50)
	at org.springframework.test.context.TestContextManager.afterTestMethod(TestContextManager.java:319)
	at org.springframework.test.context.junit4.statements.RunAfterTestMethodCallbacks.evaluate(RunAfterTestMethodCallbacks.java:94)
	at org.springframework.test.context.junit4.statements.SpringRepeat.evaluate(SpringRepeat.java:84)
	at org.junit.runners.ParentRunner.runLeaf(ParentRunner.java:325)
	at org.springframework.test.context.junit4.SpringJUnit4ClassRunner.runChild(SpringJUnit4ClassRunner.java:252)
	at org.springframework.test.context.junit4.SpringJUnit4ClassRunner.runChild(SpringJUnit4ClassRunner.java:94)
	at org.junit.runners.ParentRunner$3.run(ParentRunner.java:290)
	at org.junit.runners.ParentRunner$1.schedule(ParentRunner.java:71)
	at org.junit.runners.ParentRunner.runChildren(ParentRunner.java:288)
	at org.junit.runners.ParentRunner.access$000(ParentRunner.java:58)
	at org.junit.runners.ParentRunner$2.evaluate(ParentRunner.java:268)
	at org.springframework.test.context.junit4.statements.RunBeforeTestClassCallbacks.evaluate(RunBeforeTestClassCallbacks.java:61)
	at org.springframework.test.context.junit4.statements.RunAfterTestClassCallbacks.evaluate(RunAfterTestClassCallbacks.java:70)
	at org.junit.runners.ParentRunner.run(ParentRunner.java:363)
	at org.springframework.test.context.junit4.SpringJUnit4ClassRunner.run(SpringJUnit4ClassRunner.java:191)
	at org.eclipse.jdt.internal.junit4.runner.JUnit4TestReference.run(JUnit4TestReference.java:86)
	at org.eclipse.jdt.internal.junit.runner.TestExecution.run(TestExecution.java:38)
	at org.eclipse.jdt.internal.junit.runner.RemoteTestRunner.runTests(RemoteTestRunner.java:538)
	at org.eclipse.jdt.internal.junit.runner.RemoteTestRunner.runTests(RemoteTestRunner.java:760)
	at org.eclipse.jdt.internal.junit.runner.RemoteTestRunner.run(RemoteTestRunner.java:460)
	at org.eclipse.jdt.internal.junit.runner.RemoteTestRunner.main(RemoteTestRunner.java:206)
2020-03-27 14:52:17,747 INFO  main
				com.employeemngt.service.impl.EmployeeServiceImpl: adding employee address
2020-03-27 14:52:17,752 INFO  main
				com.employeemngt.service.impl.EmployeeServiceImpl: adding employee department
2020-03-27 14:54:15,380 INFO  main
				com.employeemngt.service.impl.EmployeeServiceImpl: adding employee address
2020-03-27 14:54:48,961 INFO  main
				com.employeemngt.service.impl.EmployeeServiceImpl: adding employee department
2020-03-27 14:57:23,784 INFO  main
				com.employeemngt.service.impl.EmployeeServiceImpl: adding employee address
2020-03-27 14:57:23,790 INFO  main
				com.employeemngt.service.impl.EmployeeServiceImpl: adding employee department
2020-03-27 14:58:52,093 INFO  main
				com.employeemngt.service.impl.EmployeeServiceImpl: adding employee address
2020-03-27 14:58:59,634 INFO  main
				com.employeemngt.service.impl.EmployeeServiceImpl: adding employee department
2020-03-27 15:00:53,276 INFO  main
				com.employeemngt.service.impl.EmployeeServiceImpl: adding employee address
2020-03-27 15:00:53,305 INFO  main
				com.employeemngt.service.impl.EmployeeServiceImpl: adding employee department
2020-03-27 15:01:33,994 INFO  main
				com.employeemngt.service.impl.EmployeeServiceImpl: adding employee address
2020-03-27 15:01:34,000 INFO  main
				com.employeemngt.service.impl.EmployeeServiceImpl: adding employee department
2020-03-27 15:19:29,608 INFO  main
				com.employeemngt.service.impl.EmployeeServiceImpl: adding employee address
2020-03-27 15:19:29,619 INFO  main
				com.employeemngt.service.impl.EmployeeServiceImpl: adding employee department
2020-03-27 15:43:51,327 INFO  main
				com.employeemngt.service.impl.EmployeeServiceImpl: Fetching all employee
2020-03-27 15:43:51,347 INFO  main
				com.employeemngt.service.impl.EmployeeServiceImpl: adding employee address
2020-03-27 15:43:51,348 INFO  main
				com.employeemngt.service.impl.EmployeeServiceImpl: adding employee department
2020-03-27 16:00:46,209 INFO  main
				com.employeemngt.service.impl.EmployeeServiceImpl: Fetching all employee
2020-03-27 16:00:46,233 INFO  main
				com.employeemngt.service.impl.EmployeeServiceImpl: Fetching all employee
2020-03-27 16:00:46,245 INFO  main
				com.employeemngt.service.impl.EmployeeServiceImpl: adding employee address
2020-03-27 16:00:46,246 INFO  main
				com.employeemngt.service.impl.EmployeeServiceImpl: adding employee department
