2020-04-17 16:55:25,567 INFO  main
				com.employeemngt.controller.DepartmentController: update employee by ID : null
2020-04-17 16:55:26,227 INFO  main
				com.employeemngt.controller.DepartmentController: adding employee data
2020-04-17 16:55:26,382 INFO  main
				com.employeemngt.controller.EmployeeController: update employee by ID : 12
2020-04-17 16:55:26,428 INFO  main
				com.employeemngt.controller.EmployeeController: adding employee data
2020-04-17 16:55:26,471 INFO  main
				com.employeemngt.controller.LeaveController: employee applying leaves 
2020-04-17 16:55:26,479 INFO  main
				com.employeemngt.controller.LeaveController: update leave for employee ID : %S
2020-04-17 16:55:26,490 INFO  main
				com.employeemngt.controller.LeaveController: adding leaves to eployee 
2020-04-17 16:55:26,594 INFO  main
				com.employeemngt.controller.ReportController: downloadReport In Excel
2020-04-17 16:55:26,736 INFO  main
				com.employeemngt.service.impl.DepartmentServiceImpl: Checking Requested Depart is Assigned to any employee
2020-04-17 16:55:26,808 INFO  main
				com.employeemngt.service.impl.DepartmentServiceImpl: Checking Requested Depart is Assigned to any employee
2020-04-17 16:55:27,633 INFO  main
				com.employeemngt.service.impl.EmployeeServiceImpl: moving employee to history
2020-04-17 16:55:27,705 INFO  main
				com.employeemngt.service.impl.EmployeeServiceImpl: adding employee address
2020-04-17 16:55:27,707 INFO  main
				com.employeemngt.service.impl.EmployeeServiceImpl: adding employee department
2020-04-17 16:55:27,708 INFO  main
				com.employeemngt.service.impl.EmployeeServiceImpl: adding employee
2020-04-17 16:55:27,721 INFO  main
				com.employeemngt.service.impl.EmployeeServiceImpl: Fetching all employee
2020-04-17 16:55:27,731 INFO  main
				com.employeemngt.service.impl.EmployeeServiceImpl: adding employee address
2020-04-17 16:55:27,732 INFO  main
				com.employeemngt.service.impl.EmployeeServiceImpl: adding employee department
2020-04-17 16:55:27,775 INFO  main
				com.employeemngt.service.impl.EmployeeServiceImpl: adding employee address
2020-04-17 16:55:27,775 INFO  main
				com.employeemngt.service.impl.EmployeeServiceImpl: adding employee department
2020-04-17 16:55:27,776 INFO  main
				com.employeemngt.service.impl.EmployeeServiceImpl: adding employee
2020-04-17 16:55:27,847 INFO  main
				com.employeemngt.service.impl.LeaveServiceImpl: Applying Leaves..
2020-04-17 16:56:41,197 INFO  main
				com.employeemngt.controller.DepartmentController: update employee by ID : null
2020-04-17 16:56:41,980 INFO  main
				com.employeemngt.controller.DepartmentController: adding employee data
2020-04-17 16:56:42,197 INFO  main
				com.employeemngt.controller.EmployeeController: update employee by ID : 12
2020-04-17 16:56:42,261 INFO  main
				com.employeemngt.controller.EmployeeController: adding employee data
2020-04-17 16:56:42,312 INFO  main
				com.employeemngt.controller.LeaveController: employee applying leaves 
2020-04-17 16:56:42,317 INFO  main
				com.employeemngt.controller.LeaveController: update leave for employee ID : %S
2020-04-17 16:56:42,328 INFO  main
				com.employeemngt.controller.LeaveController: adding leaves to eployee 
2020-04-17 16:56:42,419 INFO  main
				com.employeemngt.controller.ReportController: downloadReport In Excel
2020-04-17 16:56:42,586 INFO  main
				com.employeemngt.service.impl.DepartmentServiceImpl: Checking Requested Depart is Assigned to any employee
2020-04-17 16:56:42,675 INFO  main
				com.employeemngt.service.impl.DepartmentServiceImpl: Checking Requested Depart is Assigned to any employee
2020-04-17 16:56:43,375 INFO  main
				com.employeemngt.service.impl.EmployeeServiceImpl: moving employee to history
2020-04-17 16:56:43,468 INFO  main
				com.employeemngt.service.impl.EmployeeServiceImpl: adding employee address
2020-04-17 16:56:43,471 INFO  main
				com.employeemngt.service.impl.EmployeeServiceImpl: adding employee department
2020-04-17 16:56:43,472 INFO  main
				com.employeemngt.service.impl.EmployeeServiceImpl: adding employee
2020-04-17 16:56:43,491 INFO  main
				com.employeemngt.service.impl.EmployeeServiceImpl: Fetching all employee
2020-04-17 16:56:43,505 INFO  main
				com.employeemngt.service.impl.EmployeeServiceImpl: adding employee address
2020-04-17 16:56:43,507 INFO  main
				com.employeemngt.service.impl.EmployeeServiceImpl: adding employee department
2020-04-17 16:56:43,563 INFO  main
				com.employeemngt.service.impl.EmployeeServiceImpl: adding employee address
2020-04-17 16:56:43,564 INFO  main
				com.employeemngt.service.impl.EmployeeServiceImpl: adding employee department
2020-04-17 16:56:43,565 INFO  main
				com.employeemngt.service.impl.EmployeeServiceImpl: adding employee
2020-04-17 16:56:43,641 INFO  main
				com.employeemngt.service.impl.LeaveServiceImpl: Applying Leaves..
